  NetLib.cpp
C:\Users\Egorc\Desktop\GiperbolaBook\Netlib\include\NetLib.hpp(43,17): warning C4251: 'NetLib::ip_': 'std::basic_string<char,std::char_traits<char>,std::allocator<char>>' needs to have dll-interface to be used by clients of 'NetLib'
  (compiling source file 'src/NetLib.cpp')
      C:\Program Files\Microsoft Visual Studio\2022\Community\VC\Tools\MSVC\14.44.35207\include\xstring(541,7):
      see declaration of 'std::basic_string<char,std::char_traits<char>,std::allocator<char>>'
  
C:\Users\Egorc\Desktop\GiperbolaBook\Netlib\include\NetLib.hpp(46,17): warning C4251: 'NetLib::nickname_': 'std::basic_string<char,std::char_traits<char>,std::allocator<char>>' needs to have dll-interface to be used by clients of 'NetLib'
  (compiling source file 'src/NetLib.cpp')
      C:\Program Files\Microsoft Visual Studio\2022\Community\VC\Tools\MSVC\14.44.35207\include\xstring(541,7):
      see declaration of 'std::basic_string<char,std::char_traits<char>,std::allocator<char>>'
  
C:\Users\Egorc\Desktop\GiperbolaBook\Netlib\include\NetLib.hpp(47,25): warning C4251: 'NetLib::clients_': 'std::vector<Client,std::allocator<Client>>' needs to have dll-interface to be used by clients of 'NetLib'
  (compiling source file 'src/NetLib.cpp')
      C:\Program Files\Microsoft Visual Studio\2022\Community\VC\Tools\MSVC\14.44.35207\include\vector(442,7):
      see declaration of 'std::vector<Client,std::allocator<Client>>'
  
     Creating library C:\Users\Egorc\Desktop\GiperbolaBook\bin\NetLib\Release\NetLib.lib and object C:\Users\Egorc\Desktop\GiperbolaBook\bin\NetLib\Release\NetLib.exp
  Generating code
  Previous IPDB and IOBJ mismatch, fall back to full compilation.
  All 358 functions were compiled because no usable IPDB/IOBJ from previous compilation was found.
  Finished generating code
  Netlib.vcxproj -> C:\Users\Egorc\Desktop\GiperbolaBook\bin\NetLib\Release\NetLib.dll
  "pwsh.exe" не является внутренней или внешней
  командой, исполняемой программой или пакетным файлом.
